\BOOKMARK [0][-]{chapter.1}{\376\377\000S\000p\000a\000z\000i\000e\000r\000e\000n\000g\000e\000h\000e\000n}{}% 1
\BOOKMARK [0][-]{chapter.2}{\376\377\000S\000c\000h\000w\000i\000m\000m\000t\000r\000a\000i\000n\000i\000n\000g}{}% 2
\BOOKMARK [0][-]{chapter.3}{\376\377\000D\000e\000r\000\040\000n\000\344\000c\000h\000s\000t\000e\000\040\000M\000o\000r\000g\000e\000n}{}% 3
\BOOKMARK [0][-]{chapter.4}{\376\377\000A\000n\000t\000h\000o\000n\000y}{}% 4
\BOOKMARK [0][-]{chapter.5}{\376\377\000E\000i\000n\000k\000a\000u\000f\000e\000n}{}% 5
\BOOKMARK [0][-]{chapter.6}{\376\377\000C\000a\000f\000\351\000\040\000a\000m\000\040\000D\000a\000c\000h}{}% 6
\BOOKMARK [0][-]{chapter.7}{\376\377\000C\000l\000u\000b}{}% 7
\BOOKMARK [0][-]{chapter.8}{\376\377\000N\000a\000c\000h\000\040\000d\000e\000m\000\040\000C\000l\000u\000b}{}% 8
\BOOKMARK [0][-]{chapter.9}{\376\377\000H\000e\000i\000m\000w\000e\000g}{}% 9
\BOOKMARK [0][-]{chapter.10}{\376\377\000K\000a\000t\000e\000r}{}% 10
\BOOKMARK [0][-]{chapter.11}{\376\377\000T\000r\000a\000i\000n\000i\000n\000g}{}% 11
\BOOKMARK [0][-]{chapter.12}{\376\377\000M\000e\000h\000r\000\040\000T\000r\000a\000i\000n\000i\000n\000g}{}% 12
\BOOKMARK [0][-]{chapter.13}{\376\377\000E\000s\000s\000e\000n}{}% 13
\BOOKMARK [0][-]{chapter.14}{\376\377\000A\000n\000m\000e\000l\000d\000u\000n\000g}{}% 14
\BOOKMARK [0][-]{chapter.15}{\376\377\000T\000u\000r\000n\000i\000e\000r}{}% 15
\BOOKMARK [0][-]{chapter.16}{\376\377\000J\000u\000l\000i\000a}{}% 16
\BOOKMARK [0][-]{chapter.17}{\376\377\000L\000e\000s\000e\000n}{}% 17
\BOOKMARK [0][-]{chapter.18}{\376\377\000M\000e\000h\000r\000\040\000L\000e\000s\000e\000n}{}% 18
\BOOKMARK [0][-]{chapter.19}{\376\377\000D\000i\000e\000\040\000B\000u\000c\000h\000h\000a\000n\000d\000l\000u\000n\000g}{}% 19
\BOOKMARK [0][-]{chapter.20}{\376\377\000W\000i\000e\000d\000e\000r\000\040\000A\000n\000t\000h\000o\000n\000y}{}% 20
\BOOKMARK [0][-]{chapter.21}{\376\377\000L\000a\000u\000f\000e\000n\000\040\000s\000t\000a\000t\000t\000\040\000S\000c\000h\000w\000i\000m\000m\000e\000n}{}% 21
\BOOKMARK [0][-]{chapter.22}{\376\377\000Z\000w\000i\000s\000c\000h\000e\000n\000z\000i\000e\000l}{}% 22
\BOOKMARK [0][-]{chapter.23}{\376\377\000L\000e\000b\000e\000n}{}% 23
\BOOKMARK [0][-]{chapter.24}{\376\377\000E\000p\000i\000l\000o\000g}{}% 24
