This is pdfTeX, Version 3.141592653-2.6-1.40.24 (MiKTeX 22.10) (preloaded format=pdflatex 2022.11.18)  19 APR 2023 18:13
entering extended mode
 restricted \write18 enabled.
 %&-line parsing enabled.
**./main.tex
(main.tex
LaTeX2e <2022-11-01>
L3 programming layer <2022-11-02>
(C:\Users\Ballumlenkmon\AppData\Local\Programs\MiKTeX\tex/latex/memoir\memoir.c
ls
Document Class: memoir 2022/11/17 v3.7.19 configurable book, report, article do
cument class

(C:\Users\Ballumlenkmon\AppData\Local\Programs\MiKTeX\tex/latex/etoolbox\etoolb
ox.sty
Package: etoolbox 2020/10/05 v2.5k e-TeX tools for LaTeX (JAW)
\etb@tempcnta=\count185
)
\onelineskip=\skip47
\lxvchars=\skip48
\xlvchars=\skip49
\@memcnta=\count186
\c@@memmarkcntra=\count187

(C:\Users\Ballumlenkmon\AppData\Local\Programs\MiKTeX\tex/generic/iftex\iftex.s
ty
Package: iftex 2022/02/03 v1.0f TeX engine tests
)
\stockheight=\dimen140
\stockwidth=\dimen141
\trimtop=\skip50
\trimedge=\skip51
LaTeX Font Info:    Trying to load font information for T1+lmr on input line 70
7.
 (C:\Users\Ballumlenkmon\AppData\Local\Programs\MiKTeX\tex/latex/lm\t1lmr.fd
File: t1lmr.fd 2015/05/01 v1.6.1 Font defs for Latin Modern
)
(C:\Users\Ballumlenkmon\AppData\Local\Programs\MiKTeX\tex/latex/memoir\mem11.cl
o
File: mem11.clo 2022/07/29 v0.5 memoir class 11pt size option
)
(C:\Users\Ballumlenkmon\AppData\Local\Programs\MiKTeX\tex/latex/lm\lmodern.sty
Package: lmodern 2015/05/01 v1.6.1 Latin Modern Fonts
LaTeX Font Info:    Overwriting symbol font `operators' in version `normal'
(Font)                  OT1/cmr/m/n --> OT1/lmr/m/n on input line 22.
LaTeX Font Info:    Overwriting symbol font `letters' in version `normal'
(Font)                  OML/cmm/m/it --> OML/lmm/m/it on input line 23.
LaTeX Font Info:    Overwriting symbol font `symbols' in version `normal'
(Font)                  OMS/cmsy/m/n --> OMS/lmsy/m/n on input line 24.
LaTeX Font Info:    Overwriting symbol font `largesymbols' in version `normal'
(Font)                  OMX/cmex/m/n --> OMX/lmex/m/n on input line 25.
LaTeX Font Info:    Overwriting symbol font `operators' in version `bold'
(Font)                  OT1/cmr/bx/n --> OT1/lmr/bx/n on input line 26.
LaTeX Font Info:    Overwriting symbol font `letters' in version `bold'
(Font)                  OML/cmm/b/it --> OML/lmm/b/it on input line 27.
LaTeX Font Info:    Overwriting symbol font `symbols' in version `bold'
(Font)                  OMS/cmsy/b/n --> OMS/lmsy/b/n on input line 28.
LaTeX Font Info:    Overwriting symbol font `largesymbols' in version `bold'
(Font)                  OMX/cmex/m/n --> OMX/lmex/m/n on input line 29.
LaTeX Font Info:    Overwriting math alphabet `\mathbf' in version `normal'
(Font)                  OT1/cmr/bx/n --> OT1/lmr/bx/n on input line 31.
LaTeX Font Info:    Overwriting math alphabet `\mathsf' in version `normal'
(Font)                  OT1/cmss/m/n --> OT1/lmss/m/n on input line 32.
LaTeX Font Info:    Overwriting math alphabet `\mathit' in version `normal'
(Font)                  OT1/cmr/m/it --> OT1/lmr/m/it on input line 33.
LaTeX Font Info:    Overwriting math alphabet `\mathtt' in version `normal'
(Font)                  OT1/cmtt/m/n --> OT1/lmtt/m/n on input line 34.
LaTeX Font Info:    Overwriting math alphabet `\mathbf' in version `bold'
(Font)                  OT1/cmr/bx/n --> OT1/lmr/bx/n on input line 35.
LaTeX Font Info:    Overwriting math alphabet `\mathsf' in version `bold'
(Font)                  OT1/cmss/bx/n --> OT1/lmss/bx/n on input line 36.
LaTeX Font Info:    Overwriting math alphabet `\mathit' in version `bold'
(Font)                  OT1/cmr/bx/it --> OT1/lmr/bx/it on input line 37.
LaTeX Font Info:    Overwriting math alphabet `\mathtt' in version `bold'
(Font)                  OT1/cmtt/m/n --> OT1/lmtt/m/n on input line 38.
)
(C:\Users\Ballumlenkmon\AppData\Local\Programs\MiKTeX\tex/latex/base\fontenc.st
y
Package: fontenc 2021/04/29 v2.0v Standard LaTeX package
)
\binding=\skip52
\spinemargin=\skip53
\foremargin=\skip54
\uppermargin=\skip55
\lowermargin=\skip56
\headdrop=\skip57
\normalrulethickness=\skip58
\mem@maxheadheight=\skip59
\mem@maxfootheight=\skip60
\headwidth=\skip61
\c@storedpagenumber=\count188
\memPD=\dimen142
\m@mabparskip=\skip62
\thanksmarkwidth=\skip63
\thanksmarksep=\skip64
\droptitle=\skip65
\c@book=\count189
\c@part=\count190
\c@chapter=\count191
\c@section=\count192
\c@subsection=\count193
\c@subsubsection=\count194
\c@paragraph=\count195
\c@subparagraph=\count196
\beforechapskip=\skip66
\midchapskip=\skip67
\afterchapskip=\skip68
\chapindent=\skip69
\bottomsectionskip=\skip70
\secindent=\skip71
\beforesecskip=\skip72
\aftersecskip=\skip73
\subsecindent=\skip74
\beforesubsecskip=\skip75
\aftersubsecskip=\skip76
\subsubsecindent=\skip77
\beforesubsubsecskip=\skip78
\aftersubsubsecskip=\skip79
\paraindent=\skip80
\beforeparaskip=\skip81
\afterparaskip=\skip82
\subparaindent=\skip83
\beforesubparaskip=\skip84
\aftersubparaskip=\skip85
\pfbreakskip=\skip86
\c@@ppsavesec=\count197
\c@@ppsaveapp=\count198
\ragrparindent=\dimen143
\everylistparindent=\dimen144
\parsepi=\skip87
\topsepi=\skip88
\itemsepi=\skip89
\parsepii=\skip90
\topsepii=\skip91
\topsepiii=\skip92
\itemsepii=\skip93
\itemsepiii=\skip94
\partopsepii=\skip95
\partopsepiii=\skip96
\m@msavetopsep=\skip97
\m@msavepartopsep=\skip98
\@enLab=\toks16
\abstitleskip=\skip99
\absleftindent=\skip100
\abs@leftindent=\dimen145
\absrightindent=\skip101
\absparindent=\skip102
\absparsep=\skip103
\c@vslineno=\count199
\c@poemline=\count266
\c@modulo@vs=\count267
\c@memfvsline=\count268
\vleftskip=\skip104
\vrightskip=\skip105
\stanzaskip=\skip106
\versewidth=\skip107
\vgap=\skip108
\vindent=\skip109
\vleftmargin=\dimen146
\c@verse=\count269
\c@chrsinstr=\count270
\beforepoemtitleskip=\skip110
\afterpoemtitleskip=\skip111
\c@poem=\count271
\beforePoemTitleskip=\skip112
\midPoemTitleskip=\skip113
\afterPoemTitleskip=\skip114

(C:\Users\Ballumlenkmon\AppData\Local\Programs\MiKTeX\tex/latex/tools\array.sty
Package: array 2022/03/10 v2.5f Tabular extension package (FMi)
\col@sep=\dimen147
\ar@mcellbox=\box51
\extrarowheight=\dimen148
\NC@list=\toks17
\extratabsurround=\skip115
\backup@length=\skip116
\ar@cellbox=\box52
)
(C:\Users\Ballumlenkmon\AppData\Local\Programs\MiKTeX\tex/latex/tools\dcolumn.s
ty
Package: dcolumn 2014/10/28 v1.06 decimal alignment package (DPC)
)
(C:\Users\Ballumlenkmon\AppData\Local\Programs\MiKTeX\tex/latex/tools\delarray.
sty
Package: delarray 2014/10/28 v1.01 array delimiter package (DPC)
)
(C:\Users\Ballumlenkmon\AppData\Local\Programs\MiKTeX\tex/latex/tools\tabularx.
sty
Package: tabularx 2020/01/15 v2.11c `tabularx' package (DPC)
\TX@col@width=\dimen149
\TX@old@table=\dimen150
\TX@old@col=\dimen151
\TX@target=\dimen152
\TX@delta=\dimen153
\TX@cols=\count272
\TX@ftn=\toks18
)
\heavyrulewidth=\dimen154
\lightrulewidth=\dimen155
\cmidrulewidth=\dimen156
\belowrulesep=\dimen157
\belowbottomsep=\dimen158
\aboverulesep=\dimen159
\abovetopsep=\dimen160
\cmidrulesep=\dimen161
\cmidrulekern=\dimen162
\defaultaddspace=\dimen163
\@cmidla=\count273
\@cmidlb=\count274
\@aboverulesep=\dimen164
\@belowrulesep=\dimen165
\@thisruleclass=\count275
\@lastruleclass=\count276
\@thisrulewidth=\dimen166
\ctableftskip=\skip117
\ctabrightskip=\skip118
\abovecolumnspenalty=\count277
\@linestogo=\count278
\@cellstogo=\count279
\@cellsincolumn=\count280
\crtok=\toks19
\@mincolumnwidth=\dimen167
\c@newflo@tctr=\count281
\mem@margin@floatbox=\box53
\@contcwidth=\skip119
\@contindw=\skip120
\abovecaptionskip=\skip121
\belowcaptionskip=\skip122
\subfloattopskip=\skip123
\subfloatcapskip=\skip124
\subfloatcaptopadj=\skip125
\subfloatbottomskip=\skip126
\subfloatlabelskip=\skip127
\subfloatcapmargin=\dimen168
\c@@contsubnum=\count282
\m@mscap@capbox=\box54
\m@mscap@fbox=\box55
\sidecapsep=\dimen169
\sidecapwidth=\dimen170
\m@m@tempdima=\dimen171
\m@mscapraise=\dimen172
\sidecapraise=\dimen173
\m@mscapmainwidth=\dimen174
\m@mscaplkern=\dimen175
\beforeepigraphskip=\skip128
\afterepigraphskip=\skip129
\epigraphwidth=\skip130
\epigraphrule=\skip131
LaTeX Info: Redefining \em on input line 7655.
LaTeX Info: Redefining \emph on input line 7663.
\tocentryskip=\skip132
\tocbaseline=\skip133
\cftparskip=\skip134
\cftbeforebookskip=\skip135
\cftbookindent=\dimen176
\cftbooknumwidth=\dimen177
\cftbeforepartskip=\skip136
\cftpartindent=\skip137
\cftpartnumwidth=\skip138
\cftbeforechapterskip=\skip139
\cftchapterindent=\skip140
\cftchapternumwidth=\skip141
\cftbeforesectionskip=\skip142
\cftsectionindent=\skip143
\cftsectionnumwidth=\skip144
\cftbeforesubsectionskip=\skip145
\cftsubsectionindent=\skip146
\cftsubsectionnumwidth=\skip147
\cftbeforesubsubsectionskip=\skip148
\cftsubsubsectionindent=\skip149
\cftsubsubsectionnumwidth=\skip150
\cftbeforeparagraphskip=\skip151
\cftparagraphindent=\skip152
\cftparagraphnumwidth=\skip153
\cftbeforesubparagraphskip=\skip154
\cftsubparagraphindent=\skip155
\cftsubparagraphnumwidth=\skip156
\prechapterprecisshift=\dimen178
\c@maxsecnumdepth=\count283
\bibindent=\dimen179
\bibitemsep=\skip157
\indexcolsep=\skip158
\indexrule=\skip159
\indexmarkstyle=\toks20
\@indexbox=\insert252
\glossarycolsep=\dimen180
\glossaryrule=\dimen181
\sideparvshift=\skip160
\sideins=\insert251
\sidebartopsep=\skip161
\sidebarhsep=\skip162
\sidebarvsep=\skip163
\sidebarwidth=\skip164
\footmarkwidth=\skip165
\footmarksep=\skip166
\footparindent=\skip167
\footinsdim=\skip168
\footinsv@r=\insert250
\@mpfootinsv@r=\insert249
\m@m@k=\count284
\m@m@h=\dimen182
\m@mipn@skip=\skip169
\sidefootins=\insert248
\sidefootadjust=\skip170
\sidefootheight=\skip171
\sidefoothsep=\skip172
\sidefootvsep=\skip173
\sidefootwidth=\skip174
\m@mdownsf=\skip175
\c@sidefootnote=\count285
\sidefootmarkwidth=\skip176
\sidefootmarksep=\skip177
\sidefootparindent=\skip178
\c@pagenote=\count286
\c@pagenoteshadow=\count287
\mem@pn@lastkern=\skip179
\every@verbatim=\toks21
\afterevery@verbatim=\toks22
\verbatim@line=\toks23
\tab@position=\count288
\verbatim@in@stream=\read2
\verbatimindent=\skip180
\verbatim@out=\write3
\bvboxsep=\skip181
\c@memfbvline=\count289
\c@bvlinectr=\count290
\bvnumlength=\skip182
\fb@frw=\dimen183
\fb@frh=\dimen184
\FrameRule=\dimen185
\FrameSep=\dimen186
\c@cp@cntr=\count291
\c@ism@mctr=\count292
\c@xsm@mctr=\count293
\c@csm@mctr=\count294
\c@ksm@mctr=\count295
\c@xksm@mctr=\count296
\c@cksm@mctr=\count297
\c@msm@mctr=\count298
\c@xmsm@mctr=\count299
\c@cmsm@mctr=\count300
\c@bsm@mctr=\count301
\c@workm@mctr=\count302
\c@sheetsequence=\count303
\c@lastsheet=\count304
\c@lastpage=\count305

(C:\Users\Ballumlenkmon\AppData\Local\Programs\MiKTeX\tex/latex/textcase\textca
se.sty
Package: textcase 2022/07/10 v1.03 Text only upper/lower case changing (DPC)
Package textcase Info: Defining Legacy names on input line 20.
)
\c@figure=\count306
\c@lofdepth=\count307
\cftbeforefigureskip=\skip183
\cftfigureindent=\skip184
\cftfigurenumwidth=\skip185
\c@table=\count308
\c@lotdepth=\count309
\cftbeforetableskip=\skip186
\cfttableindent=\skip187
\cfttablenumwidth=\skip188
Package abstract [2008/07/23] emulated by memoir.
Package appendix [2008/07/23] emulated by memoir.
Package booktabs [2016/05/16] emulated by memoir.
Package ccaption [2008/07/23] emulated by memoir.
Package changepage [2008/07/23] emulated by memoir.
Package chngcntr [2008/07/23] emulated by memoir.
Package chngpage [2008/07/23] emulated by memoir.
Package crop emulated by memoir.
Package enumerate [2008/07/23] emulated by memoir.
Package epigraph [2008/07/23] emulated by memoir.
Package ifmtarg [2008/07/23] emulated by memoir.
Package index [2008/07/23] emulated by memoir.
Package makeidx [2008/07/23] emulated by memoir.
Package moreverb [2008/07/23] emulated by memoir.
Package needspace [2008/07/23] emulated by memoir.
Package newfile [2008/07/23] emulated by memoir.
Package nextpage [2008/07/23] emulated by memoir.
Package pagenote [2008/07/23] emulated by memoir.
Package parskip [2008/07/23] emulated by memoir.
Package patchcmd [2008/07/23] emulated by memoir.
Package setspace [2008/07/23] emulated by memoir.
Package shortvrb [2008/07/23] emulated by memoir.
Package showidx [2008/07/23] emulated by memoir.
Package titleref [2008/07/23] emulated by memoir.
Package titling [2008/07/23] emulated by memoir.
Package tocbibind [2008/07/23] emulated by memoir.
Package tocloft [2008/07/23] emulated by memoir.
Package tocvsec2 [2008/07/23] emulated by memoir.
Package verbatim [2008/07/23] emulated by memoir.
Package verse [2008/07/23] emulated by memoir.
)
(C:\Users\Ballumlenkmon\AppData\Local\Programs\MiKTeX\tex/latex/base\inputenc.s
ty
Package: inputenc 2021/02/14 v1.3d Input encoding file
\inpenc@prehook=\toks24
\inpenc@posthook=\toks25

(C:\Users\Ballumlenkmon\AppData\Local\Programs\MiKTeX\tex/latex/ucs\utf8x.def
File: utf8x.def 2022/08/07 UCS: Input encoding UTF-8


Package ucs Info: utf8x disabled, assuming standard utf8 processing
(ucs)             load ucs package to force utf8x processing.

(C:\Users\Ballumlenkmon\AppData\Local\Programs\MiKTeX\tex/latex/base\utf8.def
File: utf8.def 2022/06/07 v1.3c UTF-8 support
Now handling font encoding OML ...
... no UTF-8 mapping file for font encoding OML
Now handling font encoding OMS ...
... processing UTF-8 mapping file for font encoding OMS

(C:\Users\Ballumlenkmon\AppData\Local\Programs\MiKTeX\tex/latex/base\omsenc.dfu
File: omsenc.dfu 2022/06/07 v1.3c UTF-8 support
   defining Unicode char U+00A7 (decimal 167)
   defining Unicode char U+00B6 (decimal 182)
   defining Unicode char U+00B7 (decimal 183)
   defining Unicode char U+2020 (decimal 8224)
   defining Unicode char U+2021 (decimal 8225)
   defining Unicode char U+2022 (decimal 8226)
)
Now handling font encoding OT1 ...
... processing UTF-8 mapping file for font encoding OT1

(C:\Users\Ballumlenkmon\AppData\Local\Programs\MiKTeX\tex/latex/base\ot1enc.dfu
File: ot1enc.dfu 2022/06/07 v1.3c UTF-8 support
   defining Unicode char U+00A0 (decimal 160)
   defining Unicode char U+00A1 (decimal 161)
   defining Unicode char U+00A3 (decimal 163)
   defining Unicode char U+00AD (decimal 173)
   defining Unicode char U+00B8 (decimal 184)
   defining Unicode char U+00BF (decimal 191)
   defining Unicode char U+00C5 (decimal 197)
   defining Unicode char U+00C6 (decimal 198)
   defining Unicode char U+00D8 (decimal 216)
   defining Unicode char U+00DF (decimal 223)
   defining Unicode char U+00E6 (decimal 230)
   defining Unicode char U+00EC (decimal 236)
   defining Unicode char U+00ED (decimal 237)
   defining Unicode char U+00EE (decimal 238)
   defining Unicode char U+00EF (decimal 239)
   defining Unicode char U+00F8 (decimal 248)
   defining Unicode char U+0131 (decimal 305)
   defining Unicode char U+0141 (decimal 321)
   defining Unicode char U+0142 (decimal 322)
   defining Unicode char U+0152 (decimal 338)
   defining Unicode char U+0153 (decimal 339)
   defining Unicode char U+0174 (decimal 372)
   defining Unicode char U+0175 (decimal 373)
   defining Unicode char U+0176 (decimal 374)
   defining Unicode char U+0177 (decimal 375)
   defining Unicode char U+0218 (decimal 536)
   defining Unicode char U+0219 (decimal 537)
   defining Unicode char U+021A (decimal 538)
   defining Unicode char U+021B (decimal 539)
   defining Unicode char U+0237 (decimal 567)
   defining Unicode char U+2013 (decimal 8211)
   defining Unicode char U+2014 (decimal 8212)
   defining Unicode char U+2018 (decimal 8216)
   defining Unicode char U+2019 (decimal 8217)
   defining Unicode char U+201C (decimal 8220)
   defining Unicode char U+201D (decimal 8221)
   defining Unicode char U+FB00 (decimal 64256)
   defining Unicode char U+FB01 (decimal 64257)
   defining Unicode char U+FB02 (decimal 64258)
   defining Unicode char U+FB03 (decimal 64259)
   defining Unicode char U+FB04 (decimal 64260)
   defining Unicode char U+FB05 (decimal 64261)
   defining Unicode char U+FB06 (decimal 64262)
)
Now handling font encoding T1 ...
... processing UTF-8 mapping file for font encoding T1

(C:\Users\Ballumlenkmon\AppData\Local\Programs\MiKTeX\tex/latex/base\t1enc.dfu
File: t1enc.dfu 2022/06/07 v1.3c UTF-8 support
   defining Unicode char U+00A0 (decimal 160)
   defining Unicode char U+00A1 (decimal 161)
   defining Unicode char U+00A3 (decimal 163)
   defining Unicode char U+00AB (decimal 171)
   defining Unicode char U+00AD (decimal 173)
   defining Unicode char U+00BB (decimal 187)
   defining Unicode char U+00BF (decimal 191)
   defining Unicode char U+00C0 (decimal 192)
   defining Unicode char U+00C1 (decimal 193)
   defining Unicode char U+00C2 (decimal 194)
   defining Unicode char U+00C3 (decimal 195)
   defining Unicode char U+00C4 (decimal 196)
   defining Unicode char U+00C5 (decimal 197)
   defining Unicode char U+00C6 (decimal 198)
   defining Unicode char U+00C7 (decimal 199)
   defining Unicode char U+00C8 (decimal 200)
   defining Unicode char U+00C9 (decimal 201)
   defining Unicode char U+00CA (decimal 202)
   defining Unicode char U+00CB (decimal 203)
   defining Unicode char U+00CC (decimal 204)
   defining Unicode char U+00CD (decimal 205)
   defining Unicode char U+00CE (decimal 206)
   defining Unicode char U+00CF (decimal 207)
   defining Unicode char U+00D0 (decimal 208)
   defining Unicode char U+00D1 (decimal 209)
   defining Unicode char U+00D2 (decimal 210)
   defining Unicode char U+00D3 (decimal 211)
   defining Unicode char U+00D4 (decimal 212)
   defining Unicode char U+00D5 (decimal 213)
   defining Unicode char U+00D6 (decimal 214)
   defining Unicode char U+00D8 (decimal 216)
   defining Unicode char U+00D9 (decimal 217)
   defining Unicode char U+00DA (decimal 218)
   defining Unicode char U+00DB (decimal 219)
   defining Unicode char U+00DC (decimal 220)
   defining Unicode char U+00DD (decimal 221)
   defining Unicode char U+00DE (decimal 222)
   defining Unicode char U+00DF (decimal 223)
   defining Unicode char U+00E0 (decimal 224)
   defining Unicode char U+00E1 (decimal 225)
   defining Unicode char U+00E2 (decimal 226)
   defining Unicode char U+00E3 (decimal 227)
   defining Unicode char U+00E4 (decimal 228)
   defining Unicode char U+00E5 (decimal 229)
   defining Unicode char U+00E6 (decimal 230)
   defining Unicode char U+00E7 (decimal 231)
   defining Unicode char U+00E8 (decimal 232)
   defining Unicode char U+00E9 (decimal 233)
   defining Unicode char U+00EA (decimal 234)
   defining Unicode char U+00EB (decimal 235)
   defining Unicode char U+00EC (decimal 236)
   defining Unicode char U+00ED (decimal 237)
   defining Unicode char U+00EE (decimal 238)
   defining Unicode char U+00EF (decimal 239)
   defining Unicode char U+00F0 (decimal 240)
   defining Unicode char U+00F1 (decimal 241)
   defining Unicode char U+00F2 (decimal 242)
   defining Unicode char U+00F3 (decimal 243)
   defining Unicode char U+00F4 (decimal 244)
   defining Unicode char U+00F5 (decimal 245)
   defining Unicode char U+00F6 (decimal 246)
   defining Unicode char U+00F8 (decimal 248)
   defining Unicode char U+00F9 (decimal 249)
   defining Unicode char U+00FA (decimal 250)
   defining Unicode char U+00FB (decimal 251)
   defining Unicode char U+00FC (decimal 252)
   defining Unicode char U+00FD (decimal 253)
   defining Unicode char U+00FE (decimal 254)
   defining Unicode char U+00FF (decimal 255)
   defining Unicode char U+0100 (decimal 256)
   defining Unicode char U+0101 (decimal 257)
   defining Unicode char U+0102 (decimal 258)
   defining Unicode char U+0103 (decimal 259)
   defining Unicode char U+0104 (decimal 260)
   defining Unicode char U+0105 (decimal 261)
   defining Unicode char U+0106 (decimal 262)
   defining Unicode char U+0107 (decimal 263)
   defining Unicode char U+0108 (decimal 264)
   defining Unicode char U+0109 (decimal 265)
   defining Unicode char U+010A (decimal 266)
   defining Unicode char U+010B (decimal 267)
   defining Unicode char U+010C (decimal 268)
   defining Unicode char U+010D (decimal 269)
   defining Unicode char U+010E (decimal 270)
   defining Unicode char U+010F (decimal 271)
   defining Unicode char U+0110 (decimal 272)
   defining Unicode char U+0111 (decimal 273)
   defining Unicode char U+0112 (decimal 274)
   defining Unicode char U+0113 (decimal 275)
   defining Unicode char U+0114 (decimal 276)
   defining Unicode char U+0115 (decimal 277)
   defining Unicode char U+0116 (decimal 278)
   defining Unicode char U+0117 (decimal 279)
   defining Unicode char U+0118 (decimal 280)
   defining Unicode char U+0119 (decimal 281)
   defining Unicode char U+011A (decimal 282)
   defining Unicode char U+011B (decimal 283)
   defining Unicode char U+011C (decimal 284)
   defining Unicode char U+011D (decimal 285)
   defining Unicode char U+011E (decimal 286)
   defining Unicode char U+011F (decimal 287)
   defining Unicode char U+0120 (decimal 288)
   defining Unicode char U+0121 (decimal 289)
   defining Unicode char U+0122 (decimal 290)
   defining Unicode char U+0123 (decimal 291)
   defining Unicode char U+0124 (decimal 292)
   defining Unicode char U+0125 (decimal 293)
   defining Unicode char U+0128 (decimal 296)
   defining Unicode char U+0129 (decimal 297)
   defining Unicode char U+012A (decimal 298)
   defining Unicode char U+012B (decimal 299)
   defining Unicode char U+012C (decimal 300)
   defining Unicode char U+012D (decimal 301)
   defining Unicode char U+012E (decimal 302)
   defining Unicode char U+012F (decimal 303)
   defining Unicode char U+0130 (decimal 304)
   defining Unicode char U+0131 (decimal 305)
   defining Unicode char U+0132 (decimal 306)
   defining Unicode char U+0133 (decimal 307)
   defining Unicode char U+0134 (decimal 308)
   defining Unicode char U+0135 (decimal 309)
   defining Unicode char U+0136 (decimal 310)
   defining Unicode char U+0137 (decimal 311)
   defining Unicode char U+0139 (decimal 313)
   defining Unicode char U+013A (decimal 314)
   defining Unicode char U+013B (decimal 315)
   defining Unicode char U+013C (decimal 316)
   defining Unicode char U+013D (decimal 317)
   defining Unicode char U+013E (decimal 318)
   defining Unicode char U+0141 (decimal 321)
   defining Unicode char U+0142 (decimal 322)
   defining Unicode char U+0143 (decimal 323)
   defining Unicode char U+0144 (decimal 324)
   defining Unicode char U+0145 (decimal 325)
   defining Unicode char U+0146 (decimal 326)
   defining Unicode char U+0147 (decimal 327)
   defining Unicode char U+0148 (decimal 328)
   defining Unicode char U+014A (decimal 330)
   defining Unicode char U+014B (decimal 331)
   defining Unicode char U+014C (decimal 332)
   defining Unicode char U+014D (decimal 333)
   defining Unicode char U+014E (decimal 334)
   defining Unicode char U+014F (decimal 335)
   defining Unicode char U+0150 (decimal 336)
   defining Unicode char U+0151 (decimal 337)
   defining Unicode char U+0152 (decimal 338)
   defining Unicode char U+0153 (decimal 339)
   defining Unicode char U+0154 (decimal 340)
   defining Unicode char U+0155 (decimal 341)
   defining Unicode char U+0156 (decimal 342)
   defining Unicode char U+0157 (decimal 343)
   defining Unicode char U+0158 (decimal 344)
   defining Unicode char U+0159 (decimal 345)
   defining Unicode char U+015A (decimal 346)
   defining Unicode char U+015B (decimal 347)
   defining Unicode char U+015C (decimal 348)
   defining Unicode char U+015D (decimal 349)
   defining Unicode char U+015E (decimal 350)
   defining Unicode char U+015F (decimal 351)
   defining Unicode char U+0160 (decimal 352)
   defining Unicode char U+0161 (decimal 353)
   defining Unicode char U+0162 (decimal 354)
   defining Unicode char U+0163 (decimal 355)
   defining Unicode char U+0164 (decimal 356)
   defining Unicode char U+0165 (decimal 357)
   defining Unicode char U+0168 (decimal 360)
   defining Unicode char U+0169 (decimal 361)
   defining Unicode char U+016A (decimal 362)
   defining Unicode char U+016B (decimal 363)
   defining Unicode char U+016C (decimal 364)
   defining Unicode char U+016D (decimal 365)
   defining Unicode char U+016E (decimal 366)
   defining Unicode char U+016F (decimal 367)
   defining Unicode char U+0170 (decimal 368)
   defining Unicode char U+0171 (decimal 369)
   defining Unicode char U+0172 (decimal 370)
   defining Unicode char U+0173 (decimal 371)
   defining Unicode char U+0174 (decimal 372)
   defining Unicode char U+0175 (decimal 373)
   defining Unicode char U+0176 (decimal 374)
   defining Unicode char U+0177 (decimal 375)
   defining Unicode char U+0178 (decimal 376)
   defining Unicode char U+0179 (decimal 377)
   defining Unicode char U+017A (decimal 378)
   defining Unicode char U+017B (decimal 379)
   defining Unicode char U+017C (decimal 380)
   defining Unicode char U+017D (decimal 381)
   defining Unicode char U+017E (decimal 382)
   defining Unicode char U+01C4 (decimal 452)
   defining Unicode char U+01C5 (decimal 453)
   defining Unicode char U+01C6 (decimal 454)
   defining Unicode char U+01C7 (decimal 455)
   defining Unicode char U+01C8 (decimal 456)
   defining Unicode char U+01C9 (decimal 457)
   defining Unicode char U+01CA (decimal 458)
   defining Unicode char U+01CB (decimal 459)
   defining Unicode char U+01CC (decimal 460)
   defining Unicode char U+01CD (decimal 461)
   defining Unicode char U+01CE (decimal 462)
   defining Unicode char U+01CF (decimal 463)
   defining Unicode char U+01D0 (decimal 464)
   defining Unicode char U+01D1 (decimal 465)
   defining Unicode char U+01D2 (decimal 466)
   defining Unicode char U+01D3 (decimal 467)
   defining Unicode char U+01D4 (decimal 468)
   defining Unicode char U+01E2 (decimal 482)
   defining Unicode char U+01E3 (decimal 483)
   defining Unicode char U+01E6 (decimal 486)
   defining Unicode char U+01E7 (decimal 487)
   defining Unicode char U+01E8 (decimal 488)
   defining Unicode char U+01E9 (decimal 489)
   defining Unicode char U+01EA (decimal 490)
   defining Unicode char U+01EB (decimal 491)
   defining Unicode char U+01F0 (decimal 496)
   defining Unicode char U+01F4 (decimal 500)
   defining Unicode char U+01F5 (decimal 501)
   defining Unicode char U+0218 (decimal 536)
   defining Unicode char U+0219 (decimal 537)
   defining Unicode char U+021A (decimal 538)
   defining Unicode char U+021B (decimal 539)
   defining Unicode char U+0232 (decimal 562)
   defining Unicode char U+0233 (decimal 563)
   defining Unicode char U+0237 (decimal 567)
   defining Unicode char U+02D9 (decimal 729)
   defining Unicode char U+02DB (decimal 731)
   defining Unicode char U+1E02 (decimal 7682)
   defining Unicode char U+1E03 (decimal 7683)
   defining Unicode char U+1E0D (decimal 7693)
   defining Unicode char U+1E1E (decimal 7710)
   defining Unicode char U+1E1F (decimal 7711)
   defining Unicode char U+1E25 (decimal 7717)
   defining Unicode char U+1E30 (decimal 7728)
   defining Unicode char U+1E31 (decimal 7729)
   defining Unicode char U+1E37 (decimal 7735)
   defining Unicode char U+1E8E (decimal 7822)
   defining Unicode char U+1E8F (decimal 7823)
   defining Unicode char U+1E43 (decimal 7747)
   defining Unicode char U+1E45 (decimal 7749)
   defining Unicode char U+1E47 (decimal 7751)
   defining Unicode char U+1E5B (decimal 7771)
   defining Unicode char U+1E63 (decimal 7779)
   defining Unicode char U+1E6D (decimal 7789)
   defining Unicode char U+1E90 (decimal 7824)
   defining Unicode char U+1E91 (decimal 7825)
   defining Unicode char U+1E9E (decimal 7838)
   defining Unicode char U+1EF2 (decimal 7922)
   defining Unicode char U+1EF3 (decimal 7923)
   defining Unicode char U+200C (decimal 8204)
   defining Unicode char U+2010 (decimal 8208)
   defining Unicode char U+2011 (decimal 8209)
   defining Unicode char U+2012 (decimal 8210)
   defining Unicode char U+2013 (decimal 8211)
   defining Unicode char U+2014 (decimal 8212)
   defining Unicode char U+2015 (decimal 8213)
   defining Unicode char U+2018 (decimal 8216)
   defining Unicode char U+2019 (decimal 8217)
   defining Unicode char U+201A (decimal 8218)
   defining Unicode char U+201C (decimal 8220)
   defining Unicode char U+201D (decimal 8221)
   defining Unicode char U+201E (decimal 8222)
   defining Unicode char U+2030 (decimal 8240)
   defining Unicode char U+2031 (decimal 8241)
   defining Unicode char U+2039 (decimal 8249)
   defining Unicode char U+203A (decimal 8250)
   defining Unicode char U+2423 (decimal 9251)
   defining Unicode char U+1E20 (decimal 7712)
   defining Unicode char U+1E21 (decimal 7713)
   defining Unicode char U+FB00 (decimal 64256)
   defining Unicode char U+FB01 (decimal 64257)
   defining Unicode char U+FB02 (decimal 64258)
   defining Unicode char U+FB03 (decimal 64259)
   defining Unicode char U+FB04 (decimal 64260)
   defining Unicode char U+FB05 (decimal 64261)
   defining Unicode char U+FB06 (decimal 64262)
)
Now handling font encoding TS1 ...
... processing UTF-8 mapping file for font encoding TS1

(C:\Users\Ballumlenkmon\AppData\Local\Programs\MiKTeX\tex/latex/base\ts1enc.dfu
File: ts1enc.dfu 2022/06/07 v1.3c UTF-8 support
   defining Unicode char U+00A2 (decimal 162)
   defining Unicode char U+00A3 (decimal 163)
   defining Unicode char U+00A4 (decimal 164)
   defining Unicode char U+00A5 (decimal 165)
   defining Unicode char U+00A6 (decimal 166)
   defining Unicode char U+00A7 (decimal 167)
   defining Unicode char U+00A8 (decimal 168)
   defining Unicode char U+00A9 (decimal 169)
   defining Unicode char U+00AA (decimal 170)
   defining Unicode char U+00AC (decimal 172)
   defining Unicode char U+00AE (decimal 174)
   defining Unicode char U+00AF (decimal 175)
   defining Unicode char U+00B0 (decimal 176)
   defining Unicode char U+00B1 (decimal 177)
   defining Unicode char U+00B2 (decimal 178)
   defining Unicode char U+00B3 (decimal 179)
   defining Unicode char U+00B4 (decimal 180)
   defining Unicode char U+00B5 (decimal 181)
   defining Unicode char U+00B6 (decimal 182)
   defining Unicode char U+00B7 (decimal 183)
   defining Unicode char U+00B9 (decimal 185)
   defining Unicode char U+00BA (decimal 186)
   defining Unicode char U+00BC (decimal 188)
   defining Unicode char U+00BD (decimal 189)
   defining Unicode char U+00BE (decimal 190)
   defining Unicode char U+00D7 (decimal 215)
   defining Unicode char U+00F7 (decimal 247)
   defining Unicode char U+0192 (decimal 402)
   defining Unicode char U+02C7 (decimal 711)
   defining Unicode char U+02D8 (decimal 728)
   defining Unicode char U+02DD (decimal 733)
   defining Unicode char U+0E3F (decimal 3647)
   defining Unicode char U+2016 (decimal 8214)
   defining Unicode char U+2020 (decimal 8224)
   defining Unicode char U+2021 (decimal 8225)
   defining Unicode char U+2022 (decimal 8226)
   defining Unicode char U+2030 (decimal 8240)
   defining Unicode char U+2031 (decimal 8241)
   defining Unicode char U+203B (decimal 8251)
   defining Unicode char U+203D (decimal 8253)
   defining Unicode char U+2044 (decimal 8260)
   defining Unicode char U+204E (decimal 8270)
   defining Unicode char U+2052 (decimal 8274)
   defining Unicode char U+20A1 (decimal 8353)
   defining Unicode char U+20A4 (decimal 8356)
   defining Unicode char U+20A6 (decimal 8358)
   defining Unicode char U+20A9 (decimal 8361)
   defining Unicode char U+20AB (decimal 8363)
   defining Unicode char U+20AC (decimal 8364)
   defining Unicode char U+20B1 (decimal 8369)
   defining Unicode char U+2103 (decimal 8451)
   defining Unicode char U+2116 (decimal 8470)
   defining Unicode char U+2117 (decimal 8471)
   defining Unicode char U+211E (decimal 8478)
   defining Unicode char U+2120 (decimal 8480)
   defining Unicode char U+2122 (decimal 8482)
   defining Unicode char U+2126 (decimal 8486)
   defining Unicode char U+2127 (decimal 8487)
   defining Unicode char U+212E (decimal 8494)
   defining Unicode char U+2190 (decimal 8592)
   defining Unicode char U+2191 (decimal 8593)
   defining Unicode char U+2192 (decimal 8594)
   defining Unicode char U+2193 (decimal 8595)
   defining Unicode char U+2329 (decimal 9001)
   defining Unicode char U+3008 (decimal 12296)
   defining Unicode char U+232A (decimal 9002)
   defining Unicode char U+3009 (decimal 12297)
   defining Unicode char U+2422 (decimal 9250)
   defining Unicode char U+25E6 (decimal 9702)
   defining Unicode char U+25EF (decimal 9711)
   defining Unicode char U+266A (decimal 9834)
   defining Unicode char U+27E8 (decimal 10216)
   defining Unicode char U+27E9 (decimal 10217)
   defining Unicode char U+FEFF (decimal 65279)
)
Now handling font encoding OMX ...
... no UTF-8 mapping file for font encoding OMX
Now handling font encoding U ...
... no UTF-8 mapping file for font encoding U
   defining Unicode char U+00A9 (decimal 169)
   defining Unicode char U+00AA (decimal 170)
   defining Unicode char U+00AE (decimal 174)
   defining Unicode char U+00BA (decimal 186)
   defining Unicode char U+02C6 (decimal 710)
   defining Unicode char U+02DC (decimal 732)
   defining Unicode char U+200C (decimal 8204)
   defining Unicode char U+2026 (decimal 8230)
   defining Unicode char U+2122 (decimal 8482)
   defining Unicode char U+2423 (decimal 9251)
   defining Unicode char U+FEFF (decimal 65279)
)))
(C:\Users\Ballumlenkmon\AppData\Local\Programs\MiKTeX\tex/latex/base\fontenc.st
y
Package: fontenc 2021/04/29 v2.0v Standard LaTeX package
)
(C:\Users\Ballumlenkmon\AppData\Local\Programs\MiKTeX\tex/latex/alegreya\Alegre
ya.sty
Package: Alegreya 2022/09/14 (Bob Tennent) Supports Alegreya and AlegreyaSC fon
ts for all LaTeX engines. 

(C:\Users\Ballumlenkmon\AppData\Local\Programs\MiKTeX\tex/generic/iftex\ifxetex
.sty
Package: ifxetex 2019/10/25 v0.7 ifxetex legacy package. Use iftex instead.
)
(C:\Users\Ballumlenkmon\AppData\Local\Programs\MiKTeX\tex/generic/iftex\ifluate
x.sty
Package: ifluatex 2019/10/25 v1.5 ifluatex legacy package. Use iftex instead.
)
(C:\Users\Ballumlenkmon\AppData\Local\Programs\MiKTeX\tex/latex/base\textcomp.s
ty
Package: textcomp 2020/02/02 v2.0n Standard LaTeX package
)
(C:\Users\Ballumlenkmon\AppData\Local\Programs\MiKTeX\tex/latex/xkeyval\xkeyval
.sty
Package: xkeyval 2022/06/16 v2.9 package option processing (HA)

(C:\Users\Ballumlenkmon\AppData\Local\Programs\MiKTeX\tex/generic/xkeyval\xkeyv
al.tex
(C:\Users\Ballumlenkmon\AppData\Local\Programs\MiKTeX\tex/generic/xkeyval\xkvut
ils.tex
\XKV@toks=\toks26
\XKV@tempa@toks=\toks27

(C:\Users\Ballumlenkmon\AppData\Local\Programs\MiKTeX\tex/generic/xkeyval\keyva
l.tex))
\XKV@depth=\count310
File: xkeyval.tex 2014/12/03 v2.7a key=value parser (HA)
))
(C:\Users\Ballumlenkmon\AppData\Local\Programs\MiKTeX\tex/latex/base\fontenc.st
y
Package: fontenc 2021/04/29 v2.0v Standard LaTeX package
)
(C:\Users\Ballumlenkmon\AppData\Local\Programs\MiKTeX\tex/latex/fontaxes\fontax
es.sty
Package: fontaxes 2020/07/21 v1.0e Font selection axes
LaTeX Info: Redefining \upshape on input line 29.
LaTeX Info: Redefining \itshape on input line 31.
LaTeX Info: Redefining \slshape on input line 33.
LaTeX Info: Redefining \swshape on input line 35.
LaTeX Info: Redefining \scshape on input line 37.
LaTeX Info: Redefining \sscshape on input line 39.
LaTeX Info: Redefining \ulcshape on input line 41.
LaTeX Info: Redefining \textsw on input line 47.
LaTeX Info: Redefining \textssc on input line 48.
LaTeX Info: Redefining \textulc on input line 49.
))
(C:\Users\Ballumlenkmon\AppData\Local\Programs\MiKTeX\tex/latex/alegreya\Alegre
yaSans.sty
Package: AlegreyaSans 2022/09/14 (Bob Tennent) Supports AlegreyaSans fonts for 
all LaTeX engines. 

(C:\Users\Ballumlenkmon\AppData\Local\Programs\MiKTeX\tex/latex/base\fontenc.st
y
Package: fontenc 2021/04/29 v2.0v Standard LaTeX package
LaTeX Font Info:    Trying to load font information for T1+Alegreya-OsF on inpu
t line 112.

(C:\Users\Ballumlenkmon\AppData\Local\Programs\MiKTeX\tex/latex/alegreya\t1aleg
reya-osf.fd
File: T1Alegreya-OsF.fd 2019/10/08 (autoinst) Font definitions for T1/Alegreya-
OsF.
)
LaTeX Font Info:    Font shape `T1/Alegreya-OsF/m/n' in size <10.95> not availa
ble
(Font)              Font shape `T1/Alegreya-OsF/regular/n' tried instead on inp
ut line 112.
LaTeX Font Info:    Font shape `T1/Alegreya-OsF/regular/n' will be
(Font)              scaled to size 10.95pt on input line 112.
)
LaTeX Info: Redefining \textsu on input line 337.
LaTeX Info: Redefining \textin on input line 338.
)
(C:\Users\Ballumlenkmon\AppData\Local\Programs\MiKTeX\tex/latex/microtype\micro
type.sty
Package: microtype 2022/06/23 v3.0f Micro-typographical refinements (RS)
\MT@toks=\toks28
\MT@tempbox=\box56
\MT@count=\count311
LaTeX Info: Redefining \noprotrusionifhmode on input line 1045.
LaTeX Info: Redefining \leftprotrusion on input line 1046.
LaTeX Info: Redefining \rightprotrusion on input line 1056.
LaTeX Info: Redefining \textls on input line 1234.
\MT@outer@kern=\dimen187
LaTeX Info: Redefining \textmicrotypecontext on input line 1858.
\MT@listname@count=\count312

(C:\Users\Ballumlenkmon\AppData\Local\Programs\MiKTeX\tex/latex/microtype\micro
type-pdftex.def
File: microtype-pdftex.def 2022/06/23 v3.0f Definitions specific to pdftex (RS)

LaTeX Info: Redefining \lsstyle on input line 900.
LaTeX Info: Redefining \lslig on input line 900.
\MT@outer@space=\skip189
)
Package microtype Info: Loading configuration file microtype.cfg.

(C:\Users\Ballumlenkmon\AppData\Local\Programs\MiKTeX\tex/latex/microtype\micro
type.cfg
File: microtype.cfg 2022/06/23 v3.0f microtype main configuration file (RS)
))
(C:\Users\Ballumlenkmon\AppData\Local\Programs\MiKTeX\tex/latex/lettrine\lettri
ne.sty
File: lettrine.sty 2022-09-25 v2.30 (Daniel Flipo)

(C:\Users\Ballumlenkmon\AppData\Local\Programs\MiKTeX\tex/generic/minifp\minifp
.sty
Package: minifp 2013/12/30 v0.96. Macros for real number operations and a stack
-based programing language.
\MFP@loopctr=\count313
)
\c@DefaultLines=\count314
\c@DefaultDepth=\count315
\DefaultFindent=\dimen188
\DefaultNindent=\dimen189
\DefaultSlope=\dimen190
\DiscardVskip=\dimen191

Loading lettrine.cfg

(C:\Users\Ballumlenkmon\AppData\Local\Programs\MiKTeX\tex/latex/lettrine\lettri
ne.cfg)
\L@lbox=\box57
\L@tbox=\box58
\c@L@lines=\count316
\c@L@depth=\count317
\L@Pindent=\dimen192
\L@Findent=\dimen193
\L@Nindent=\dimen194
\L@lraise=\dimen195
\L@first=\dimen196
\L@next=\dimen197
\L@slope=\dimen198
\L@height=\dimen199
\L@novskip=\dimen256
\L@target@ht=\dimen257
\L@target@dp=\dimen258
\L@target@tht=\dimen259
\LettrineWidth=\dimen260
\LettrineHeight=\dimen261
\LettrineDepth=\dimen262
\Llist@everypar=\toks29
)
(C:\Users\Ballumlenkmon\AppData\Local\Programs\MiKTeX\tex/latex/titlesec\titles
ec.sty
Package: titlesec 2021/07/05 v2.14 Sectioning titles
\ttl@box=\box59
\beforetitleunit=\skip190
\aftertitleunit=\skip191
\ttl@plus=\dimen263
\ttl@minus=\dimen264
\ttl@toksa=\toks30
\titlewidth=\dimen265
\titlewidthlast=\dimen266
\titlewidthfirst=\dimen267
)
(C:\Users\Ballumlenkmon\AppData\Local\Programs\MiKTeX\tex/latex/lipsum\lipsum.s
ty
(C:\Users\Ballumlenkmon\AppData\Local\Programs\MiKTeX\tex/latex/l3packages/l3ke
ys2e\l3keys2e.sty
(C:\Users\Ballumlenkmon\AppData\Local\Programs\MiKTeX\tex/latex/l3kernel\expl3.
sty
Package: expl3 2022-11-02 L3 programming layer (loader) 

(C:\Users\Ballumlenkmon\AppData\Local\Programs\MiKTeX\tex/latex/l3backend\l3bac
kend-pdftex.def
File: l3backend-pdftex.def 2022-10-26 L3 backend support: PDF output (pdfTeX)
\l__color_backend_stack_int=\count318
\l__pdf_internal_box=\box60
))
Package: l3keys2e 2022-06-22 LaTeX2e option processing using LaTeX3 keys
)
Package: lipsum 2021-09-20 v2.7 150 paragraphs of Lorem Ipsum dummy text
\g__lipsum_par_int=\count319
\l__lipsum_a_int=\count320
\l__lipsum_b_int=\count321

(C:\Users\Ballumlenkmon\AppData\Local\Programs\MiKTeX\tex/latex/lipsum\lipsum.l
td.tex))
(C:\Users\Ballumlenkmon\AppData\Local\Programs\MiKTeX\tex/latex/tools\calc.sty
Package: calc 2017/05/25 v4.3 Infix arithmetic (KKT,FJ)
\calc@Acount=\count322
\calc@Bcount=\count323
\calc@Adimen=\dimen268
\calc@Bdimen=\dimen269
\calc@Askip=\skip192
\calc@Bskip=\skip193
LaTeX Info: Redefining \setlength on input line 80.
LaTeX Info: Redefining \addtolength on input line 81.
\calc@Ccount=\count324
\calc@Cskip=\skip194
)
(C:\Users\Ballumlenkmon\AppData\Local\Programs\MiKTeX\tex/generic/hologo\hologo
.sty
Package: hologo 2021-11-16 v1.15 A logo collection with bookmark support (HO)

(C:\Users\Ballumlenkmon\AppData\Local\Programs\MiKTeX\tex/generic/ltxcmds\ltxcm
ds.sty
Package: ltxcmds 2020-05-10 v1.25 LaTeX kernel commands for general use (HO)
)
(C:\Users\Ballumlenkmon\AppData\Local\Programs\MiKTeX\tex/generic/infwarerr\inf
warerr.sty
Package: infwarerr 2019/12/03 v1.5 Providing info/warning/error messages (HO)
)
(C:\Users\Ballumlenkmon\AppData\Local\Programs\MiKTeX\tex/latex/kvsetkeys\kvset
keys.sty
Package: kvsetkeys 2022-10-05 v1.19 Key value parser (HO)
)
(C:\Users\Ballumlenkmon\AppData\Local\Programs\MiKTeX\tex/generic/kvdefinekeys\
kvdefinekeys.sty
Package: kvdefinekeys 2019-12-19 v1.6 Define keys (HO)
)
(C:\Users\Ballumlenkmon\AppData\Local\Programs\MiKTeX\tex/generic/pdftexcmds\pd
ftexcmds.sty
Package: pdftexcmds 2020-06-27 v0.33 Utility functions of pdfTeX for LuaTeX (HO
)
Package pdftexcmds Info: \pdf@primitive is available.
Package pdftexcmds Info: \pdf@ifprimitive is available.
Package pdftexcmds Info: \pdfdraftmode found.
)
(C:\Users\Ballumlenkmon\AppData\Local\Programs\MiKTeX\tex/latex/kvoptions\kvopt
ions.sty
Package: kvoptions 2022-06-15 v3.15 Key value format for package options (HO)
)
Package hologo Info: Using driver `pdftex'.
)
(C:\Users\Ballumlenkmon\AppData\Local\Programs\MiKTeX\tex/latex/hyperref\hyperr
ef.sty
Package: hyperref 2022-11-13 v7.00u Hypertext links for LaTeX

(C:\Users\Ballumlenkmon\AppData\Local\Programs\MiKTeX\tex/generic/pdfescape\pdf
escape.sty
Package: pdfescape 2019/12/09 v1.15 Implements pdfTeX's escape features (HO)
)
(C:\Users\Ballumlenkmon\AppData\Local\Programs\MiKTeX\tex/latex/hycolor\hycolor
.sty
Package: hycolor 2020-01-27 v1.10 Color options for hyperref/bookmark (HO)
)
(C:\Users\Ballumlenkmon\AppData\Local\Programs\MiKTeX\tex/latex/letltxmacro\let
ltxmacro.sty
Package: letltxmacro 2019/12/03 v1.6 Let assignment for LaTeX macros (HO)
)
(C:\Users\Ballumlenkmon\AppData\Local\Programs\MiKTeX\tex/latex/auxhook\auxhook
.sty
Package: auxhook 2019-12-17 v1.6 Hooks for auxiliary files (HO)
)
(C:\Users\Ballumlenkmon\AppData\Local\Programs\MiKTeX\tex/latex/hyperref\namere
f.sty
Package: nameref 2022-05-17 v2.50 Cross-referencing by name of section

(C:\Users\Ballumlenkmon\AppData\Local\Programs\MiKTeX\tex/latex/refcount\refcou
nt.sty
Package: refcount 2019/12/15 v3.6 Data extraction from label references (HO)
)
(C:\Users\Ballumlenkmon\AppData\Local\Programs\MiKTeX\tex/generic/gettitlestrin
g\gettitlestring.sty
Package: gettitlestring 2019/12/15 v1.6 Cleanup title references (HO)
)
\c@section@level=\count325
)
\@linkdim=\dimen270
\Hy@linkcounter=\count326
\Hy@pagecounter=\count327

(C:\Users\Ballumlenkmon\AppData\Local\Programs\MiKTeX\tex/latex/hyperref\pd1enc
.def
File: pd1enc.def 2022-11-13 v7.00u Hyperref: PDFDocEncoding definition (HO)
Now handling font encoding PD1 ...
... no UTF-8 mapping file for font encoding PD1
)
(C:\Users\Ballumlenkmon\AppData\Local\Programs\MiKTeX\tex/generic/intcalc\intca
lc.sty
Package: intcalc 2019/12/15 v1.3 Expandable calculations with integers (HO)
)
(C:\Users\Ballumlenkmon\AppData\Local\Programs\MiKTeX\tex/generic/etexcmds\etex
cmds.sty
Package: etexcmds 2019/12/15 v1.7 Avoid name clashes with e-TeX commands (HO)
)
\Hy@SavedSpaceFactor=\count328

(C:\Users\Ballumlenkmon\AppData\Local\Programs\MiKTeX\tex/latex/hyperref\puenc.
def
File: puenc.def 2022-11-13 v7.00u Hyperref: PDF Unicode definition (HO)
Now handling font encoding PU ...
... no UTF-8 mapping file for font encoding PU
)
Package hyperref Info: Hyper figures OFF on input line 4162.
Package hyperref Info: Link nesting OFF on input line 4167.
Package hyperref Info: Hyper index ON on input line 4170.
Package hyperref Info: Plain pages OFF on input line 4177.
Package hyperref Info: Backreferencing OFF on input line 4182.
Package hyperref Info: Implicit mode ON; LaTeX internals redefined.
Package hyperref Info: Bookmarks ON on input line 4410.
\c@Hy@tempcnt=\count329

(C:\Users\Ballumlenkmon\AppData\Local\Programs\MiKTeX\tex/latex/url\url.sty
\Urlmuskip=\muskip16
Package: url 2013/09/16  ver 3.4  Verb mode for urls, etc.
)
LaTeX Info: Redefining \url on input line 4748.
\XeTeXLinkMargin=\dimen271

(C:\Users\Ballumlenkmon\AppData\Local\Programs\MiKTeX\tex/generic/bitset\bitset
.sty
Package: bitset 2019/12/09 v1.3 Handle bit-vector datatype (HO)

(C:\Users\Ballumlenkmon\AppData\Local\Programs\MiKTeX\tex/generic/bigintcalc\bi
gintcalc.sty
Package: bigintcalc 2019/12/15 v1.5 Expandable calculations on big integers (HO
)
))
\Fld@menulength=\count330
\Field@Width=\dimen272
\Fld@charsize=\dimen273
Package hyperref Info: Hyper figures OFF on input line 6027.
Package hyperref Info: Link nesting OFF on input line 6032.
Package hyperref Info: Hyper index ON on input line 6035.
Package hyperref Info: backreferencing OFF on input line 6042.
Package hyperref Info: Link coloring OFF on input line 6047.
Package hyperref Info: Link coloring with OCG OFF on input line 6052.
Package hyperref Info: PDF/A mode OFF on input line 6057.

(C:\Users\Ballumlenkmon\AppData\Local\Programs\MiKTeX\tex/latex/base\atbegshi-l
tx.sty
Package: atbegshi-ltx 2021/01/10 v1.0c Emulation of the original atbegshi
package with kernel methods
)
\Hy@abspage=\count331
\c@Item=\count332
\c@Hfootnote=\count333
)
Package hyperref Info: Driver (autodetected): hpdftex.

(C:\Users\Ballumlenkmon\AppData\Local\Programs\MiKTeX\tex/latex/hyperref\hpdfte
x.def
File: hpdftex.def 2022-11-13 v7.00u Hyperref driver for pdfTeX

(C:\Users\Ballumlenkmon\AppData\Local\Programs\MiKTeX\tex/latex/base\atveryend-
ltx.sty
Package: atveryend-ltx 2020/08/19 v1.0a Emulation of the original atveryend pac
kage
with kernel methods
)
\Fld@listcount=\count334
\c@bookmark@seq@number=\count335

(C:\Users\Ballumlenkmon\AppData\Local\Programs\MiKTeX\tex/latex/rerunfilecheck\
rerunfilecheck.sty
Package: rerunfilecheck 2022-07-10 v1.10 Rerun checks for auxiliary files (HO)

(C:\Users\Ballumlenkmon\AppData\Local\Programs\MiKTeX\tex/generic/uniquecounter
\uniquecounter.sty
Package: uniquecounter 2019/12/15 v1.4 Provide unlimited unique counter (HO)
)
Package uniquecounter Info: New unique counter `rerunfilecheck' on input line 2
85.
)
\Hy@SectionHShift=\skip195
)
(C:\Users\Ballumlenkmon\AppData\Local\Programs\MiKTeX\tex/latex/memoir\memhfixc
.sty
Package: memhfixc 2022/11/17 v1.20 nameref/hyperref package fixes for memoir cl
ass

Redoing nameref's sectioning
Redoing nameref's label
LaTeX Info: Redefining \nameref on input line 106.
\c@memhycontfloat=\count336
\c@Hpagenote=\count337
)
\drop=\skip196


******************************************************
Stock height and width: 614.295pt by 410.13246pt
Top and edge trims: 0pt and 0pt
Page height and width: 614.295pt by 397.48499pt
Text height and width: 459.8002pt by 252pt
Spine and edge margins: 56.80388pt and 88.31393pt
Upper and lower margins: 52.17894pt and 102.31586pt
Headheight and headsep: 13.6pt and 11.56346pt
Footskip: 27.46295pt
Columnsep and columnseprule: 10pt and 0pt
Marginparsep and marginparwidth: 7pt and 74.31393pt
Sidecapsep and sidecapwidth: 7pt and 7pt
Sidebarhsep and sidebarwidth: 7pt and 7pt
Sidebarvsep and sidebartopsep: 13.6pt and 0pt
Sidebarheight: 363.12012pt
Sidefoothsep and sidefootwidth: 7pt and 7pt
Sidefootvsep and sidefootheight: 13.6pt and 363.12012pt
******************************************************


Class memoir Warning: As of 2018, \fixpdflayout\ is no longer used on input lin
e 107.

(main.aux)
\openout1 = `main.aux'.

LaTeX Font Info:    Checking defaults for OML/cmm/m/it on input line 109.
LaTeX Font Info:    ... okay on input line 109.
LaTeX Font Info:    Checking defaults for OMS/cmsy/m/n on input line 109.
LaTeX Font Info:    ... okay on input line 109.
LaTeX Font Info:    Checking defaults for OT1/cmr/m/n on input line 109.
LaTeX Font Info:    ... okay on input line 109.
LaTeX Font Info:    Checking defaults for T1/cmr/m/n on input line 109.
LaTeX Font Info:    ... okay on input line 109.
LaTeX Font Info:    Checking defaults for TS1/cmr/m/n on input line 109.
LaTeX Font Info:    ... okay on input line 109.
LaTeX Font Info:    Checking defaults for OMX/cmex/m/n on input line 109.
LaTeX Font Info:    ... okay on input line 109.
LaTeX Font Info:    Checking defaults for U/cmr/m/n on input line 109.
LaTeX Font Info:    ... okay on input line 109.
LaTeX Font Info:    Checking defaults for PD1/pdf/m/n on input line 109.
LaTeX Font Info:    ... okay on input line 109.
LaTeX Font Info:    Checking defaults for PU/pdf/m/n on input line 109.
LaTeX Font Info:    ... okay on input line 109.
\c@mv@tabular=\count338
\c@mv@boldtabular=\count339
LaTeX Info: Redefining \microtypecontext on input line 109.
Package microtype Info: Applying patch `item' on input line 109.
Package microtype Info: Applying patch `toc' on input line 109.
Package microtype Info: Applying patch `eqnum' on input line 109.
Package microtype Info: Applying patch `footnote' on input line 109.
Package microtype Info: Generating PDF output.
Package microtype Info: Character protrusion enabled (level 2).
Package microtype Info: Using default protrusion set `alltext'.
Package microtype Info: Automatic font expansion enabled (level 2),
(microtype)             stretch: 20, shrink: 20, step: 1, non-selected.
Package microtype Info: Using default expansion set `alltext-nott'.
LaTeX Info: Redefining \showhyphens on input line 109.
Package microtype Info: No adjustment of tracking.
Package microtype Info: No adjustment of interword spacing.
Package microtype Info: No adjustment of character kerning.
Package microtype Info: Loading generic protrusion settings for font family
(microtype)             `Alegreya-OsF' (encoding: T1).
(microtype)             For optimal results, create family-specific settings.
(microtype)             See the microtype manual for details.
Package hyperref Info: Link coloring OFF on input line 109.
 (main.out) (main.out)
\@outlinefile=\write4
\openout4 = `main.out'.

LaTeX Font Info:    Font shape `T1/Alegreya-OsF/m/n' in size <14.4> not availab
le
(Font)              Font shape `T1/Alegreya-OsF/regular/n' tried instead on inp
ut line 113.
LaTeX Font Info:    Font shape `T1/Alegreya-OsF/regular/n' will be
(Font)              scaled to size 14.4pt on input line 113.
LaTeX Font Info:    Font shape `T1/Alegreya-OsF/m/sc' in size <14.4> not availa
ble
(Font)              Font shape `T1/Alegreya-OsF/regular/sc' tried instead on in
put line 113.
LaTeX Font Info:    Font shape `T1/Alegreya-OsF/regular/sc' will be
(Font)              scaled to size 14.4pt on input line 113.
 [1

{C:/Users/Ballumlenkmon/AppData/Local/MiKTeX/fonts/map/pdftex/pdftex.map}]
LaTeX Font Info:    Font shape `T1/Alegreya-OsF/m/n' in size <30> not available

(Font)              Font shape `T1/Alegreya-OsF/regular/n' tried instead on inp
ut line 116.
LaTeX Font Info:    Font shape `T1/Alegreya-OsF/regular/n' will be
(Font)              scaled to size 30.0pt on input line 116.
LaTeX Font Info:    Font shape `T1/Alegreya-OsF/m/sc' in size <30> not availabl
e
(Font)              Font shape `T1/Alegreya-OsF/regular/sc' tried instead on in
put line 116.
LaTeX Font Info:    Font shape `T1/Alegreya-OsF/regular/sc' will be
(Font)              scaled to size 30.0pt on input line 116.
LaTeX Font Info:    Font shape `T1/Alegreya-OsF/m/it' in size <14.4> not availa
ble
(Font)              Font shape `T1/Alegreya-OsF/regular/it' tried instead on in
put line 116.
LaTeX Font Info:    Font shape `T1/Alegreya-OsF/regular/it' will be
(Font)              scaled to size 14.4pt on input line 116.
 [2

]
LaTeX Font Info:    Font shape `T1/Alegreya-OsF/m/n' in size <10> not available

(Font)              Font shape `T1/Alegreya-OsF/regular/n' tried instead on inp
ut line 119.
LaTeX Font Info:    Font shape `T1/Alegreya-OsF/regular/n' will be
(Font)              scaled to size 10.0pt on input line 119.
LaTeX Font Info:    Trying to load font information for TS1+Alegreya-OsF on inp
ut line 119.

(C:\Users\Ballumlenkmon\AppData\Local\Programs\MiKTeX\tex/latex/alegreya\ts1ale
greya-osf.fd
File: TS1Alegreya-OsF.fd 2019/10/08 (autoinst) Font definitions for TS1/Alegrey
a-OsF.
)
LaTeX Font Info:    Font shape `TS1/Alegreya-OsF/m/n' in size <10> not availabl
e
(Font)              Font shape `TS1/Alegreya-OsF/regular/n' tried instead on in
put line 119.
LaTeX Font Info:    Font shape `TS1/Alegreya-OsF/regular/n' will be
(Font)              scaled to size 10.0pt on input line 119.
Package microtype Info: Loading generic protrusion settings for font family
(microtype)             `Alegreya-OsF' (encoding: TS1).
(microtype)             For optimal results, create family-specific settings.
(microtype)             See the microtype manual for details.
 [3

]
LaTeX Font Info:    Font shape `T1/Alegreya-OsF/m/it' in size <10.95> not avail
able
(Font)              Font shape `T1/Alegreya-OsF/regular/it' tried instead on in
put line 123.
LaTeX Font Info:    Font shape `T1/Alegreya-OsF/regular/it' will be
(Font)              scaled to size 10.95pt on input line 123.
 [4

]
LaTeX Font Info:    Font shape `T1/Alegreya-OsF/m/n' in size <24.88> not availa
ble
(Font)              Font shape `T1/Alegreya-OsF/regular/n' tried instead on inp
ut line 130.
LaTeX Font Info:    Font shape `T1/Alegreya-OsF/regular/n' will be
(Font)              scaled to size 24.88pt on input line 130.
LaTeX Font Info:    Font shape `T1/Alegreya-OsF/m/sc' in size <24.88> not avail
able
(Font)              Font shape `T1/Alegreya-OsF/regular/sc' tried instead on in
put line 130.
LaTeX Font Info:    Font shape `T1/Alegreya-OsF/regular/sc' will be
(Font)              scaled to size 24.88pt on input line 130.
 (main.toc
LaTeX Font Info:    Font shape `T1/Alegreya-OsF/b/n' in size <10.95> not availa
ble
(Font)              Font shape `T1/Alegreya-OsF/bold/n' tried instead on input 
line 1.
LaTeX Font Info:    Font shape `T1/Alegreya-OsF/bold/n' will be
(Font)              scaled to size 10.95pt on input line 1.
LaTeX Font Info:    Trying to load font information for OT1+lmr on input line 1
.

(C:\Users\Ballumlenkmon\AppData\Local\Programs\MiKTeX\tex/latex/lm\ot1lmr.fd
File: ot1lmr.fd 2015/05/01 v1.6.1 Font defs for Latin Modern
)
(C:\Users\Ballumlenkmon\AppData\Local\Programs\MiKTeX\tex/latex/microtype\mt-cm
r.cfg
File: mt-cmr.cfg 2013/05/19 v2.2 microtype config. file: Computer Modern Roman 
(RS)
)
LaTeX Font Info:    Trying to load font information for OML+lmm on input line 1
.

(C:\Users\Ballumlenkmon\AppData\Local\Programs\MiKTeX\tex/latex/lm\omllmm.fd
File: omllmm.fd 2015/05/01 v1.6.1 Font defs for Latin Modern
)
LaTeX Font Info:    Trying to load font information for OMS+lmsy on input line 
1.

(C:\Users\Ballumlenkmon\AppData\Local\Programs\MiKTeX\tex/latex/lm\omslmsy.fd
File: omslmsy.fd 2015/05/01 v1.6.1 Font defs for Latin Modern
)
LaTeX Font Info:    Trying to load font information for OMX+lmex on input line 
1.

(C:\Users\Ballumlenkmon\AppData\Local\Programs\MiKTeX\tex/latex/lm\omxlmex.fd
File: omxlmex.fd 2015/05/01 v1.6.1 Font defs for Latin Modern
)
LaTeX Font Info:    External font `lmex10' loaded for size
(Font)              <10.95> on input line 1.
LaTeX Font Info:    External font `lmex10' loaded for size
(Font)              <8> on input line 1.
LaTeX Font Info:    External font `lmex10' loaded for size
(Font)              <6> on input line 1.

[1


])
LaTeX Font Info:    Trying to load font information for T1+AlegreyaSans-OsF on 
input line 133.

(C:\Users\Ballumlenkmon\AppData\Local\Programs\MiKTeX\tex/latex/alegreya\t1aleg
reyasans-osf.fd
File: T1AlegreyaSans-OsF.fd 2019/10/08 (autoinst) Font definitions for T1/Alegr
eyaSans-OsF.
)
LaTeX Font Info:    Font shape `T1/AlegreyaSans-OsF/m/n' in size <10.95> not av
ailable
(Font)              Font shape `T1/AlegreyaSans-OsF/regular/n' tried instead on
 input line 133.
LaTeX Font Info:    Font shape `T1/AlegreyaSans-OsF/regular/n' will be
(Font)              scaled to size 10.95pt on input line 133.
Package microtype Info: Loading generic protrusion settings for font family
(microtype)             `AlegreyaSans-OsF' (encoding: T1).
(microtype)             For optimal results, create family-specific settings.
(microtype)             See the microtype manual for details.
LaTeX Font Info:    Font shape `T1/AlegreyaSans-OsF/m/n' in size <8> not availa
ble
(Font)              Font shape `T1/AlegreyaSans-OsF/regular/n' tried instead on
 input line 133.
LaTeX Font Info:    Font shape `T1/AlegreyaSans-OsF/regular/n' will be
(Font)              scaled to size 8.0pt on input line 133.
LaTeX Font Info:    Font shape `T1/AlegreyaSans-OsF/m/sc' in size <8> not avail
able
(Font)              Font shape `T1/AlegreyaSans-OsF/regular/sc' tried instead o
n input line 133.
LaTeX Font Info:    Font shape `T1/AlegreyaSans-OsF/regular/sc' will be
(Font)              scaled to size 8.0pt on input line 133.
 [2]
LaTeX Font Info:    Font shape `T1/Alegreya-OsF/m/sc' in size <10.95> not avail
able
(Font)              Font shape `T1/Alegreya-OsF/regular/sc' tried instead on in
put line 133.
LaTeX Font Info:    Font shape `T1/Alegreya-OsF/regular/sc' will be
(Font)              scaled to size 10.95pt on input line 133.
LaTeX Font Info:    Font shape `T1/Alegreya-OsF/m/sc' in size <20.74> not avail
able
(Font)              Font shape `T1/Alegreya-OsF/regular/sc' tried instead on in
put line 133.
LaTeX Font Info:    Font shape `T1/Alegreya-OsF/regular/sc' will be
(Font)              scaled to size 20.74pt on input line 133.

pdfTeX warning (ext4): destination with the same identifier (name{page.1}) has 
been already used, duplicate ignored
<to be read again> 
                   \relax 
l.142 \chapter
              {Schwimmtraining} [1


]
pdfTeX warning (ext4): destination with the same identifier (name{page.2}) has 
been already used, duplicate ignored
<to be read again> 
                   \relax 
l.142 \chapter
              {Schwimmtraining} [2]
pdfTeX warning (ext4): destination with the same identifier (name{page.3}) has 
been already used, duplicate ignored
<to be read again> 
                   \relax 
l.142 \chapter
              {Schwimmtraining} [3]
pdfTeX warning (ext4): destination with the same identifier (name{page.4}) has 
been already used, duplicate ignored
<to be read again> 
                   \relax 
l.142 \chapter
              {Schwimmtraining} [4] [5] [6] [7

] [8] [9] [10] [11] [12] [13

]
[14] [15] [16] [17] [18

] [19] [20] [21] [22]
Underfull \hbox (badness 10000) in paragraph at lines 195--215

 []

[23

] [24] [25] [26] [27] [28] [29] [30] [31

] [32] [33] [34] [35

] [36] [37]
[38] [39] [40] [41] [42] [43] [44

] [45] [46] [47

] [48] [49] [50] [51

] [52]
[53] [54] [55] [56] [57

] [58] [59] [60] [61

] [62] [63] [64] [65] [66

] [67]
[68] [69] [70]
Underfull \hbox (badness 1019) in paragraph at lines 311--317
\T1/Alegreya-OsF/regular/n/10.95 (+20) Fluss zuzuhren durch-fhlten Lenos Geda
nken seine
 []

[71

] [72] [73] [74]
Overfull \hbox (10.46663pt too wide) in paragraph at lines 319--336
\T1/Alegreya-OsF/regular/n/10.95 (-20) er denn beim Start so schlecht weggekom-
men sei, antwortete
 []


Overfull \hbox (1.9709pt too wide) in paragraph at lines 319--336
\T1/Alegreya-OsF/regular/n/10.95 (-20) unter die Dusche, trank es leer, ging zu
rck zum Schwimm-
 []

[75

] [76] [77] [78] [79] [80] [81] [82] [83] [84]
Underfull \hbox (badness 2245) in paragraph at lines 337--362
\T1/Alegreya-OsF/regular/n/10.95 (+20) forderten Ratschlag eine Grenze ber-sch
rit-ten hatte.
 []


Overfull \hbox (5.54022pt too wide) in paragraph at lines 337--362
\T1/Alegreya-OsF/regular/n/10.95 (-20) Und sobald sie mit ihren Aus-fhrun-gen 
fer-tig war, sprudelte
 []


Underfull \hbox (badness 1424) in paragraph at lines 337--362
\T1/Alegreya-OsF/regular/n/10.95 (+20) ^^RDer Schwim-mverein or-gan-isiert dies
es Fest wirk-lich
 []

[85

] [86] [87] [88] [89] [90] [91] [92

] [93] [94] [95] [96] [97] [98

] [99]
[100] [101] [102] [103] [104] [105] [106] [107] [108] [109

] [110] [111]
[112] [113] [114] [115

] [116] [117] [118] [119] [120] [121] [122

] [123]
[124] [125] [126] [127] [128]
Underfull \hbox (badness 1248) in paragraph at lines 459--487
\T1/Alegreya-OsF/regular/n/10.95 (+20) wusste, wie das Gesprch genau weiter ge
hen sollte,
 []

[129

] [130] [131] [132] [133] [134]
Underfull \hbox (badness 10000) in paragraph at lines 488--491

 []

[135

] [136] [137] [138] [139

] [140]
\tf@toc=\write5
\openout5 = `main.toc'.

 (main.aux)
Package rerunfilecheck Info: File `main.out' has not changed.
(rerunfilecheck)             Checksum: FB9A822DB57B1E412660061FDEFA8E9C;2309.
 ) 
Here is how much of TeX's memory you used:
 16221 strings out of 475285
 276834 string characters out of 2770343
 778142 words of memory out of 3000000
 37073 multiletter control sequences out of 15000+600000
 706524 words of font info for 209 fonts, out of 8000000 for 9000
 1141 hyphenation exceptions out of 8191
 72i,11n,77p,5128b,495s stack positions out of 10000i,1000n,20000p,200000b,80000s
{C:/Users/Ballumlenkmon/AppData/Local/Programs/MiKTeX/fonts/enc/dvips/alegrey
a/algr_dte76s.enc}{C:/Users/Ballumlenkmon/AppData/Local/Programs/MiKTeX/fonts/e
nc/dvips/alegreya/algr_p7kywn.enc}{C:/Users/Ballumlenkmon/AppData/Local/Program
s/MiKTeX/fonts/enc/dvips/alegreya/algr_nwaz6g.enc}{C:/Users/Ballumlenkmon/AppDa
ta/Local/Programs/MiKTeX/fonts/enc/dvips/alegreya/algr_u7nq5p.enc}{C:/Users/Bal
lumlenkmon/AppData/Local/Programs/MiKTeX/fonts/enc/dvips/alegreya/algr_hxyeky.e
nc}<C:/Users/Ballumlenkmon/AppData/Local/Programs/MiKTeX/fonts/type1/huerta/ale
greya/Alegreya-Italic.pfb><C:/Users/Ballumlenkmon/AppData/Local/Programs/MiKTeX
/fonts/type1/huerta/alegreya/Alegreya-Regular.pfb><C:/Users/Ballumlenkmon/AppDa
ta/Local/Programs/MiKTeX/fonts/type1/huerta/alegreya/AlegreyaSans-Regular.pfb>
Output written on main.pdf (146 pages, 488118 bytes).
PDF statistics:
 801 PDF objects out of 1000 (max. 8388607)
 168 named destinations out of 1000 (max. 500000)
 59073 words of extra memory for PDF output out of 61914 (max. 10000000)

